#
# There is insufficient memory for the Java Runtime Environment to continue.
# Native memory allocation (malloc) failed to allocate 32744 bytes for ChunkPool::allocate
# Possible reasons:
#   The system is out of physical RAM or swap space
#   The process is running with CompressedOops enabled, and the Java Heap may be blocking the growth of the native heap
# Possible solutions:
#   Reduce memory load on the system
#   Increase physical memory or swap space
#   Check if swap backing store is full
#   Decrease Java heap size (-Xmx/-Xms)
#   Decrease number of Java threads
#   Decrease Java thread stack sizes (-Xss)
#   Set larger code cache with -XX:ReservedCodeCacheSize=
#   JVM is running with Unscaled Compressed Oops mode in which the Java heap is
#     placed in the first 4GB address space. The Java Heap base address is the
#     maximum limit for the native heap growth. Please use -XX:HeapBaseMinAddress
#     to set the Java Heap base and to place the Java Heap above 4GB virtual address.
# This output file may be truncated or incomplete.
#
#  Out of Memory Error (t:/workspace/open/src/hotspot/share/memory/arena.cpp:81), pid=8816, tid=1664
#
# JRE version: Java(TM) SE Runtime Environment (12.0.2+10) (build 12.0.2+10)
# Java VM: Java HotSpot(TM) 64-Bit Server VM (12.0.2+10, mixed mode, sharing, tiered, compressed oops, g1 gc, windows-amd64)
# No core dump will be written. Minidumps are not enabled by default on client versions of Windows
#

---------------  S U M M A R Y ------------

Command Line: -XX:MaxMetaspaceSize=256m -XX:+HeapDumpOnOutOfMemoryError --add-opens=java.base/java.util=ALL-UNNAMED --add-opens=java.base/java.lang=ALL-UNNAMED --add-opens=java.base/java.lang.invoke=ALL-UNNAMED --add-opens=java.prefs/java.util.prefs=ALL-UNNAMED -Xms256m -Xmx512m -Dfile.encoding=windows-1252 -Duser.country=US -Duser.language=en -Duser.variant org.gradle.launcher.daemon.bootstrap.GradleDaemon 6.3

Host: Intel(R) Core(TM) i5-3427U CPU @ 1.80GHz, 4 cores, 7G,  Windows 10 , 64 bit Build 17763 (10.0.17763.1158)
Time: Wed Jun 17 15:07:40 2020 W. Europe Summer Time elapsed time: 48 seconds (0d 0h 0m 48s)

---------------  T H R E A D  ---------------

Current thread (0x000002f99dd1f000):  JavaThread "C2 CompilerThread0" daemon [_thread_in_native, id=1664, stack(0x000000fa89700000,0x000000fa89800000)]


Current CompileTask:
C2:  48245 9004       4       org.gradle.internal.service.DefaultServiceRegistry$OwnServices$ProviderAnalyser::analyseType (114 bytes)

Stack: [0x000000fa89700000,0x000000fa89800000]
Native frames: (J=compiled Java code, j=interpreted, Vv=VM code, C=native code)
V  [jvm.dll+0x63aa2a]
V  [jvm.dll+0x78ce1e]
V  [jvm.dll+0x78e4c1]
V  [jvm.dll+0x78eb13]
V  [jvm.dll+0x2627e8]
V  [jvm.dll+0xc57f6]
V  [jvm.dll+0xc5b4c]
V  [jvm.dll+0x61c86d]
V  [jvm.dll+0x89f2c]
V  [jvm.dll+0x377b08]
V  [jvm.dll+0x2eebfa]
V  [jvm.dll+0x603997]
V  [jvm.dll+0x10fd6c]
V  [jvm.dll+0x356b01]
V  [jvm.dll+0x65d186]
V  [jvm.dll+0x65c4fd]
V  [jvm.dll+0x6577d6]
V  [jvm.dll+0x65118b]
V  [jvm.dll+0x6507ac]
V  [jvm.dll+0x64e657]
V  [jvm.dll+0x19c46c]
V  [jvm.dll+0x2d31b6]
V  [jvm.dll+0x6596fe]
V  [jvm.dll+0x65118b]
V  [jvm.dll+0x6507ac]
V  [jvm.dll+0x64e657]
V  [jvm.dll+0x19c46c]
V  [jvm.dll+0x2d31b6]
V  [jvm.dll+0x6596fe]
V  [jvm.dll+0x65118b]
V  [jvm.dll+0x6507ac]
V  [jvm.dll+0x64e657]
V  [jvm.dll+0x19c46c]
V  [jvm.dll+0x2d31b6]
V  [jvm.dll+0x6596fe]
V  [jvm.dll+0x65118b]
V  [jvm.dll+0x6507ac]
V  [jvm.dll+0x64e657]
V  [jvm.dll+0x19c46c]
V  [jvm.dll+0x2d31b6]
V  [jvm.dll+0x6596fe]
V  [jvm.dll+0x65118b]
V  [jvm.dll+0x6507ac]
V  [jvm.dll+0x64e657]
V  [jvm.dll+0x19c46c]
V  [jvm.dll+0x2d31b6]
V  [jvm.dll+0x6596fe]
V  [jvm.dll+0x65118b]
V  [jvm.dll+0x6507ac]
V  [jvm.dll+0x64e657]
V  [jvm.dll+0x19c46c]
V  [jvm.dll+0x2d31b6]
V  [jvm.dll+0x6596fe]
V  [jvm.dll+0x65118b]
V  [jvm.dll+0x6507ac]
V  [jvm.dll+0x64e657]
V  [jvm.dll+0x19c46c]
V  [jvm.dll+0x2d31b6]
V  [jvm.dll+0x6596fe]
V  [jvm.dll+0x65118b]
V  [jvm.dll+0x6507ac]
V  [jvm.dll+0x64e657]
V  [jvm.dll+0x19c46c]
V  [jvm.dll+0x2d31b6]
V  [jvm.dll+0x6596fe]
V  [jvm.dll+0x65118b]
V  [jvm.dll+0x6507ac]
V  [jvm.dll+0x64e657]
V  [jvm.dll+0x19c46c]
V  [jvm.dll+0x21b07b]
V  [jvm.dll+0x199a20]
V  [jvm.dll+0x22a744]
V  [jvm.dll+0x228d98]
V  [jvm.dll+0x7512a0]
V  [jvm.dll+0x74a2c8]
V  [jvm.dll+0x639b16]
C  [ucrtbase.dll+0x21ffa]
C  [KERNEL32.DLL+0x17974]
C  [ntdll.dll+0x6a271]


---------------  P R O C E S S  ---------------

Threads class SMR info:
_java_thread_list=0x000002f9a051f980, length=28, elements={
0x000002f983119000, 0x000002f99dcf7000, 0x000002f99dd01000, 0x000002f99dd1a000,
0x000002f99dd1e000, 0x000002f99dd1f000, 0x000002f99e688800, 0x000002f99e69a000,
0x000002f99e765800, 0x000002f99e774000, 0x000002f99f855000, 0x000002f99fcc7800,
0x000002f99fbdb800, 0x000002f99f01d000, 0x000002f99fc61000, 0x000002f99ed3c000,
0x000002f99ed3a800, 0x000002f99ed38000, 0x000002f99ed3d800, 0x000002f9a2beb800,
0x000002f9a2bec800, 0x000002f9a2bed000, 0x000002f9a2bee000, 0x000002f9a2bea000,
0x000002f9a2bf4800, 0x000002f9a2bf5800, 0x000002f9a2bf3000, 0x000002f9a2bf6000
}

Java Threads: ( => current thread )
  0x000002f983119000 JavaThread "main" [_thread_blocked, id=12524, stack(0x000000fa88c00000,0x000000fa88d00000)]
  0x000002f99dcf7000 JavaThread "Reference Handler" daemon [_thread_blocked, id=10616, stack(0x000000fa89300000,0x000000fa89400000)]
  0x000002f99dd01000 JavaThread "Finalizer" daemon [_thread_blocked, id=9416, stack(0x000000fa89400000,0x000000fa89500000)]
  0x000002f99dd1a000 JavaThread "Signal Dispatcher" daemon [_thread_blocked, id=10732, stack(0x000000fa89500000,0x000000fa89600000)]
  0x000002f99dd1e000 JavaThread "Attach Listener" daemon [_thread_blocked, id=5448, stack(0x000000fa89600000,0x000000fa89700000)]
=>0x000002f99dd1f000 JavaThread "C2 CompilerThread0" daemon [_thread_in_native, id=1664, stack(0x000000fa89700000,0x000000fa89800000)]
  0x000002f99e688800 JavaThread "C1 CompilerThread0" daemon [_thread_blocked, id=6680, stack(0x000000fa89800000,0x000000fa89900000)]
  0x000002f99e69a000 JavaThread "Sweeper thread" daemon [_thread_blocked, id=10120, stack(0x000000fa89900000,0x000000fa89a00000)]
  0x000002f99e765800 JavaThread "Common-Cleaner" daemon [_thread_blocked, id=12224, stack(0x000000fa89a00000,0x000000fa89b00000)]
  0x000002f99e774000 JavaThread "Service Thread" daemon [_thread_blocked, id=4004, stack(0x000000fa89b00000,0x000000fa89c00000)]
  0x000002f99f855000 JavaThread "Daemon health stats" [_thread_blocked, id=3220, stack(0x000000fa89d00000,0x000000fa89e00000)]
  0x000002f99fcc7800 JavaThread "Incoming local TCP Connector on port 5224" [_thread_in_native, id=11192, stack(0x000000fa8a100000,0x000000fa8a200000)]
  0x000002f99fbdb800 JavaThread "Daemon periodic checks" [_thread_blocked, id=12640, stack(0x000000fa8a200000,0x000000fa8a300000)]
  0x000002f99f01d000 JavaThread "Daemon" [_thread_blocked, id=10792, stack(0x000000fa8a300000,0x000000fa8a400000)]
  0x000002f99fc61000 JavaThread "Daemon worker" [_thread_in_vm, id=7048, stack(0x000000fa8a600000,0x000000fa8a700000)]
  0x000002f99ed3c000 JavaThread "Cache worker for journal cache (C:\Users\Don Alex\.gradle\caches\journal-1)" [_thread_blocked, id=1420, stack(0x000000fa8aa00000,0x000000fa8ab00000)]
  0x000002f99ed3a800 JavaThread "File lock request listener" [_thread_in_native, id=4564, stack(0x000000fa8ab00000,0x000000fa8ac00000)]
  0x000002f99ed38000 JavaThread "Cache worker for file hash cache (C:\Users\Don Alex\.gradle\caches\6.3\fileHashes)" [_thread_blocked, id=7976, stack(0x000000fa8ac00000,0x000000fa8ad00000)]
  0x000002f99ed3d800 JavaThread "Cache worker for execution history cache (C:\Users\Don Alex\.gradle\caches\6.3\executionHistory)" [_thread_blocked, id=11544, stack(0x000000fa8b100000,0x000000fa8b200000)]
  0x000002f9a2beb800 JavaThread "Handler for socket connection from /127.0.0.1:5224 to /127.0.0.1:5236" [_thread_in_native, id=8688, stack(0x000000fa8a500000,0x000000fa8a600000)]
  0x000002f9a2bec800 JavaThread "Cancel handler" [_thread_blocked, id=10656, stack(0x000000fa8a700000,0x000000fa8a800000)]
  0x000002f9a2bed000 JavaThread "Asynchronous log dispatcher for DefaultDaemonConnection: socket connection from /127.0.0.1:5224 to /127.0.0.1:5236" [_thread_blocked, id=8584, stack(0x000000fa8a800000,0x000000fa8a900000)]
  0x000002f9a2bee000 JavaThread "Stdin handler" [_thread_blocked, id=6436, stack(0x000000fa8a900000,0x000000fa8aa00000)]
  0x000002f9a2bea000 JavaThread "Thread-29" [_thread_blocked, id=2248, stack(0x000000fa8ad00000,0x000000fa8ae00000)]
  0x000002f9a2bf4800 JavaThread "Cache worker for checksums cache (D:\Masters\2nd Semester\AMOS Project\Digitact\Backend\.gradle\checksums)" [_thread_blocked, id=4896, stack(0x000000fa8ae00000,0x000000fa8af00000)]
  0x000002f9a2bf5800 JavaThread "Cache worker for file hash cache (D:\Masters\2nd Semester\AMOS Project\Digitact\Backend\.gradle\6.3\fileHashes)" [_thread_blocked, id=5856, stack(0x000000fa8af00000,0x000000fa8b000000)]
  0x000002f9a2bf3000 JavaThread "Cache worker for cache directory md-supplier (C:\Users\Don Alex\.gradle\caches\6.3\md-supplier)" [_thread_blocked, id=7236, stack(0x000000fa8b000000,0x000000fa8b100000)]
  0x000002f9a2bf6000 JavaThread "Cache worker for cache directory md-rule (C:\Users\Don Alex\.gradle\caches\6.3\md-rule)" [_thread_blocked, id=5556, stack(0x000000fa8b200000,0x000000fa8b300000)]

Other Threads:
  0x000002f99dcf2800 VMThread "VM Thread" [stack: 0x000000fa89200000,0x000000fa89300000] [id=3924]
  0x000002f99e776800 WatcherThread [stack: 0x000000fa89c00000,0x000000fa89d00000] [id=12764]
  0x000002f98313e800 GCTaskThread "GC Thread#0" [stack: 0x000000fa88d00000,0x000000fa88e00000] [id=1952]
  0x000002f99e968800 GCTaskThread "GC Thread#1" [stack: 0x000000fa89e00000,0x000000fa89f00000] [id=3604]
  0x000002f99ed4f000 GCTaskThread "GC Thread#2" [stack: 0x000000fa89f00000,0x000000fa8a000000] [id=2156]
  0x000002f99ef9e800 GCTaskThread "GC Thread#3" [stack: 0x000000fa8a000000,0x000000fa8a100000] [id=8540]
  0x000002f983145800 ConcurrentGCThread "G1 Main Marker" [stack: 0x000000fa88e00000,0x000000fa88f00000] [id=4164]
  0x000002f983148800 ConcurrentGCThread "G1 Conc#0" [stack: 0x000000fa88f00000,0x000000fa89000000] [id=7080]
  0x000002f99dba6800 ConcurrentGCThread "G1 Refine#0" [stack: 0x000000fa89000000,0x000000fa89100000] [id=3132]
  0x000002f99dba7000 ConcurrentGCThread "G1 Young RemSet Sampling" [stack: 0x000000fa89100000,0x000000fa89200000] [id=7908]

Threads with active compile tasks:
C2 CompilerThread0  9004       4       org.gradle.internal.service.DefaultServiceRegistry$OwnServices$ProviderAnalyser::analyseType (114 bytes)

VM state:not at safepoint (normal execution)

VM Mutex/Monitor currently owned by a thread: None

Heap address: 0x00000000e0000000, size: 512 MB, Compressed Oops mode: 32-bit
Narrow klass base: 0x0000000800000000, Narrow klass shift: 3
Compressed class space size: 260046848 Address: 0x0000000801190000

Heap:
 garbage-first heap   total 262144K, used 91981K [0x00000000e0000000, 0x0000000100000000)
  region size 1024K, 33 young (33792K), 15 survivors (15360K)
 Metaspace       used 59275K, capacity 61207K, committed 61552K, reserved 307200K
  class space    used 7793K, capacity 8387K, committed 8472K, reserved 253952K
Heap Regions: E=young(eden), S=young(survivor), O=old, HS=humongous(starts), HC=humongous(continues), CS=collection set, F=free, A=archive, TAMS=top-at-mark-start (previous, next)
|   0|0x00000000e0000000, 0x00000000e0100000, 0x00000000e0100000|100%| O|  |TAMS 0x00000000e0100000, 0x00000000e0000000| Untracked 
|   1|0x00000000e0100000, 0x00000000e0200000, 0x00000000e0200000|100%|HS|  |TAMS 0x00000000e0200000, 0x00000000e0100000| Complete 
|   2|0x00000000e0200000, 0x00000000e0300000, 0x00000000e0300000|100%|HC|  |TAMS 0x00000000e0300000, 0x00000000e0200000| Complete 
|   3|0x00000000e0300000, 0x00000000e0400000, 0x00000000e0400000|100%|HS|  |TAMS 0x00000000e0400000, 0x00000000e0300000| Complete 
|   4|0x00000000e0400000, 0x00000000e0500000, 0x00000000e0500000|100%|HC|  |TAMS 0x00000000e0500000, 0x00000000e0400000| Complete 
|   5|0x00000000e0500000, 0x00000000e0600000, 0x00000000e0600000|100%|HC|  |TAMS 0x00000000e0600000, 0x00000000e0500000| Complete 
|   6|0x00000000e0600000, 0x00000000e0700000, 0x00000000e0700000|100%| O|  |TAMS 0x00000000e0700000, 0x00000000e0600000| Untracked 
|   7|0x00000000e0700000, 0x00000000e0800000, 0x00000000e0800000|100%| O|  |TAMS 0x00000000e0800000, 0x00000000e0700000| Untracked 
|   8|0x00000000e0800000, 0x00000000e0900000, 0x00000000e0900000|100%| O|  |TAMS 0x00000000e0900000, 0x00000000e0800000| Untracked 
|   9|0x00000000e0900000, 0x00000000e0a00000, 0x00000000e0a00000|100%|HS|  |TAMS 0x00000000e0a00000, 0x00000000e0900000| Complete 
|  10|0x00000000e0a00000, 0x00000000e0b00000, 0x00000000e0b00000|100%|HC|  |TAMS 0x00000000e0b00000, 0x00000000e0a00000| Complete 
|  11|0x00000000e0b00000, 0x00000000e0c00000, 0x00000000e0c00000|100%|HC|  |TAMS 0x00000000e0c00000, 0x00000000e0b00000| Complete 
|  12|0x00000000e0c00000, 0x00000000e0d00000, 0x00000000e0d00000|100%|HS|  |TAMS 0x00000000e0d00000, 0x00000000e0c00000| Complete 
|  13|0x00000000e0d00000, 0x00000000e0e00000, 0x00000000e0e00000|100%|HC|  |TAMS 0x00000000e0e00000, 0x00000000e0d00000| Complete 
|  14|0x00000000e0e00000, 0x00000000e0f00000, 0x00000000e0f00000|100%|HS|  |TAMS 0x00000000e0f00000, 0x00000000e0e00000| Complete 
|  15|0x00000000e0f00000, 0x00000000e1000000, 0x00000000e1000000|100%|HC|  |TAMS 0x00000000e1000000, 0x00000000e0f00000| Complete 
|  16|0x00000000e1000000, 0x00000000e1100000, 0x00000000e1100000|100%|HC|  |TAMS 0x00000000e1100000, 0x00000000e1000000| Complete 
|  17|0x00000000e1100000, 0x00000000e1200000, 0x00000000e1200000|100%|HC|  |TAMS 0x00000000e1200000, 0x00000000e1100000| Complete 
|  18|0x00000000e1200000, 0x00000000e1300000, 0x00000000e1300000|100%| O|  |TAMS 0x00000000e1300000, 0x00000000e1200000| Untracked 
|  19|0x00000000e1300000, 0x00000000e1400000, 0x00000000e1400000|100%| O|  |TAMS 0x00000000e1400000, 0x00000000e1300000| Untracked 
|  20|0x00000000e1400000, 0x00000000e1500000, 0x00000000e1500000|100%| O|  |TAMS 0x00000000e1500000, 0x00000000e1400000| Untracked 
|  21|0x00000000e1500000, 0x00000000e1600000, 0x00000000e1600000|100%| O|  |TAMS 0x00000000e1600000, 0x00000000e1500000| Untracked 
|  22|0x00000000e1600000, 0x00000000e1700000, 0x00000000e1700000|100%| O|  |TAMS 0x00000000e1700000, 0x00000000e1600000| Untracked 
|  23|0x00000000e1700000, 0x00000000e1800000, 0x00000000e1800000|100%| O|  |TAMS 0x00000000e1800000, 0x00000000e1700000| Untracked 
|  24|0x00000000e1800000, 0x00000000e1900000, 0x00000000e1900000|100%| O|  |TAMS 0x00000000e1900000, 0x00000000e1800000| Untracked 
|  25|0x00000000e1900000, 0x00000000e1a00000, 0x00000000e1a00000|100%| O|  |TAMS 0x00000000e1a00000, 0x00000000e1900000| Untracked 
|  26|0x00000000e1a00000, 0x00000000e1b00000, 0x00000000e1b00000|100%| O|  |TAMS 0x00000000e1b00000, 0x00000000e1a00000| Untracked 
|  27|0x00000000e1b00000, 0x00000000e1c00000, 0x00000000e1c00000|100%| O|  |TAMS 0x00000000e1c00000, 0x00000000e1b00000| Untracked 
|  28|0x00000000e1c00000, 0x00000000e1d00000, 0x00000000e1d00000|100%| O|  |TAMS 0x00000000e1d00000, 0x00000000e1c00000| Untracked 
|  29|0x00000000e1d00000, 0x00000000e1e00000, 0x00000000e1e00000|100%| O|  |TAMS 0x00000000e1e00000, 0x00000000e1d00000| Untracked 
|  30|0x00000000e1e00000, 0x00000000e1f00000, 0x00000000e1f00000|100%| O|  |TAMS 0x00000000e1f00000, 0x00000000e1e00000| Untracked 
|  31|0x00000000e1f00000, 0x00000000e2000000, 0x00000000e2000000|100%| O|  |TAMS 0x00000000e2000000, 0x00000000e1f00000| Untracked 
|  32|0x00000000e2000000, 0x00000000e2100000, 0x00000000e2100000|100%| O|  |TAMS 0x00000000e2100000, 0x00000000e2000000| Untracked 
|  33|0x00000000e2100000, 0x00000000e2200000, 0x00000000e2200000|100%| O|  |TAMS 0x00000000e2200000, 0x00000000e2100000| Untracked 
|  34|0x00000000e2200000, 0x00000000e2300000, 0x00000000e2300000|100%| O|  |TAMS 0x00000000e2300000, 0x00000000e2200000| Untracked 
|  35|0x00000000e2300000, 0x00000000e2400000, 0x00000000e2400000|100%| O|  |TAMS 0x00000000e2400000, 0x00000000e2300000| Untracked 
|  36|0x00000000e2400000, 0x00000000e2500000, 0x00000000e2500000|100%| O|  |TAMS 0x00000000e2500000, 0x00000000e2400000| Untracked 
|  37|0x00000000e2500000, 0x00000000e2600000, 0x00000000e2600000|100%| O|  |TAMS 0x00000000e2600000, 0x00000000e2500000| Untracked 
|  38|0x00000000e2600000, 0x00000000e2700000, 0x00000000e2700000|100%| O|  |TAMS 0x00000000e2700000, 0x00000000e2600000| Untracked 
|  39|0x00000000e2700000, 0x00000000e2800000, 0x00000000e2800000|100%| O|  |TAMS 0x00000000e2800000, 0x00000000e2700000| Untracked 
|  40|0x00000000e2800000, 0x00000000e2900000, 0x00000000e2900000|100%| O|  |TAMS 0x00000000e2900000, 0x00000000e2800000| Untracked 
|  41|0x00000000e2900000, 0x00000000e2a00000, 0x00000000e2a00000|100%| O|  |TAMS 0x00000000e2a00000, 0x00000000e2900000| Untracked 
|  42|0x00000000e2a00000, 0x00000000e2b00000, 0x00000000e2b00000|100%| O|  |TAMS 0x00000000e2b00000, 0x00000000e2a00000| Untracked 
|  43|0x00000000e2b00000, 0x00000000e2c00000, 0x00000000e2c00000|100%| O|  |TAMS 0x00000000e2c00000, 0x00000000e2b00000| Untracked 
|  44|0x00000000e2c00000, 0x00000000e2d00000, 0x00000000e2d00000|100%| O|  |TAMS 0x00000000e2d00000, 0x00000000e2c00000| Untracked 
|  45|0x00000000e2d00000, 0x00000000e2e00000, 0x00000000e2e00000|100%| O|  |TAMS 0x00000000e2e00000, 0x00000000e2d00000| Untracked 
|  46|0x00000000e2e00000, 0x00000000e2f00000, 0x00000000e2f00000|100%| O|  |TAMS 0x00000000e2f00000, 0x00000000e2e00000| Untracked 
|  47|0x00000000e2f00000, 0x00000000e3000000, 0x00000000e3000000|100%| O|  |TAMS 0x00000000e3000000, 0x00000000e2f00000| Untracked 
|  48|0x00000000e3000000, 0x00000000e3100000, 0x00000000e3100000|100%| O|  |TAMS 0x00000000e3100000, 0x00000000e3000000| Untracked 
|  49|0x00000000e3100000, 0x00000000e3200000, 0x00000000e3200000|100%| O|  |TAMS 0x00000000e3200000, 0x00000000e3100000| Untracked 
|  50|0x00000000e3200000, 0x00000000e3300000, 0x00000000e3300000|100%| O|  |TAMS 0x00000000e3300000, 0x00000000e3200000| Untracked 
|  51|0x00000000e3300000, 0x00000000e3400000, 0x00000000e3400000|100%| O|  |TAMS 0x00000000e3400000, 0x00000000e3300000| Untracked 
|  52|0x00000000e3400000, 0x00000000e3500000, 0x00000000e3500000|100%| O|  |TAMS 0x00000000e3500000, 0x00000000e3400000| Untracked 
|  53|0x00000000e3500000, 0x00000000e3600000, 0x00000000e3600000|100%| O|  |TAMS 0x00000000e3540a00, 0x00000000e3500000| Untracked 
|  54|0x00000000e3600000, 0x00000000e3700000, 0x00000000e3700000|100%| O|  |TAMS 0x00000000e3600000, 0x00000000e3600000| Untracked 
|  55|0x00000000e3700000, 0x00000000e3800000, 0x00000000e3800000|100%| O|  |TAMS 0x00000000e3700000, 0x00000000e3700000| Untracked 
|  56|0x00000000e3800000, 0x00000000e3900000, 0x00000000e3900000|100%| O|  |TAMS 0x00000000e3800000, 0x00000000e3800000| Untracked 
|  57|0x00000000e3900000, 0x00000000e3a00000, 0x00000000e3a00000|100%| O|  |TAMS 0x00000000e3900000, 0x00000000e3900000| Untracked 
|  58|0x00000000e3a00000, 0x00000000e3a53400, 0x00000000e3b00000| 32%| O|  |TAMS 0x00000000e3a00000, 0x00000000e3a00000| Untracked 
|  59|0x00000000e3b00000, 0x00000000e3b00000, 0x00000000e3c00000|  0%| F|  |TAMS 0x00000000e3b00000, 0x00000000e3b00000| Untracked 
|  60|0x00000000e3c00000, 0x00000000e3c00000, 0x00000000e3d00000|  0%| F|  |TAMS 0x00000000e3c00000, 0x00000000e3c00000| Untracked 
|  61|0x00000000e3d00000, 0x00000000e3d00000, 0x00000000e3e00000|  0%| F|  |TAMS 0x00000000e3d00000, 0x00000000e3d00000| Untracked 
|  62|0x00000000e3e00000, 0x00000000e3e00000, 0x00000000e3f00000|  0%| F|  |TAMS 0x00000000e3e00000, 0x00000000e3e00000| Untracked 
|  63|0x00000000e3f00000, 0x00000000e3f00000, 0x00000000e4000000|  0%| F|  |TAMS 0x00000000e3f00000, 0x00000000e3f00000| Untracked 
|  64|0x00000000e4000000, 0x00000000e4000000, 0x00000000e4100000|  0%| F|  |TAMS 0x00000000e4000000, 0x00000000e4000000| Untracked 
|  65|0x00000000e4100000, 0x00000000e4100000, 0x00000000e4200000|  0%| F|  |TAMS 0x00000000e4100000, 0x00000000e4100000| Untracked 
|  66|0x00000000e4200000, 0x00000000e4200000, 0x00000000e4300000|  0%| F|  |TAMS 0x00000000e4200000, 0x00000000e4200000| Untracked 
|  67|0x00000000e4300000, 0x00000000e4300000, 0x00000000e4400000|  0%| F|  |TAMS 0x00000000e4300000, 0x00000000e4300000| Untracked 
|  68|0x00000000e4400000, 0x00000000e4400000, 0x00000000e4500000|  0%| F|  |TAMS 0x00000000e4400000, 0x00000000e4400000| Untracked 
|  69|0x00000000e4500000, 0x00000000e4500000, 0x00000000e4600000|  0%| F|  |TAMS 0x00000000e4500000, 0x00000000e4500000| Untracked 
|  70|0x00000000e4600000, 0x00000000e4600000, 0x00000000e4700000|  0%| F|  |TAMS 0x00000000e4600000, 0x00000000e4600000| Untracked 
|  71|0x00000000e4700000, 0x00000000e4700000, 0x00000000e4800000|  0%| F|  |TAMS 0x00000000e4700000, 0x00000000e4700000| Untracked 
|  72|0x00000000e4800000, 0x00000000e4800000, 0x00000000e4900000|  0%| F|  |TAMS 0x00000000e4800000, 0x00000000e4800000| Untracked 
|  73|0x00000000e4900000, 0x00000000e4900000, 0x00000000e4a00000|  0%| F|  |TAMS 0x00000000e4900000, 0x00000000e4900000| Untracked 
|  74|0x00000000e4a00000, 0x00000000e4a00000, 0x00000000e4b00000|  0%| F|  |TAMS 0x00000000e4a00000, 0x00000000e4a00000| Untracked 
|  75|0x00000000e4b00000, 0x00000000e4b00000, 0x00000000e4c00000|  0%| F|  |TAMS 0x00000000e4b00000, 0x00000000e4b00000| Untracked 
|  76|0x00000000e4c00000, 0x00000000e4c00000, 0x00000000e4d00000|  0%| F|  |TAMS 0x00000000e4c00000, 0x00000000e4c00000| Untracked 
|  77|0x00000000e4d00000, 0x00000000e4d00000, 0x00000000e4e00000|  0%| F|  |TAMS 0x00000000e4d00000, 0x00000000e4d00000| Untracked 
|  78|0x00000000e4e00000, 0x00000000e4e00000, 0x00000000e4f00000|  0%| F|  |TAMS 0x00000000e4e00000, 0x00000000e4e00000| Untracked 
|  79|0x00000000e4f00000, 0x00000000e4f00000, 0x00000000e5000000|  0%| F|  |TAMS 0x00000000e4f00000, 0x00000000e4f00000| Untracked 
|  80|0x00000000e5000000, 0x00000000e5000000, 0x00000000e5100000|  0%| F|  |TAMS 0x00000000e5000000, 0x00000000e5000000| Untracked 
|  81|0x00000000e5100000, 0x00000000e5100000, 0x00000000e5200000|  0%| F|  |TAMS 0x00000000e5100000, 0x00000000e5100000| Untracked 
|  82|0x00000000e5200000, 0x00000000e5200000, 0x00000000e5300000|  0%| F|  |TAMS 0x00000000e5200000, 0x00000000e5200000| Untracked 
|  83|0x00000000e5300000, 0x00000000e5300000, 0x00000000e5400000|  0%| F|  |TAMS 0x00000000e5300000, 0x00000000e5300000| Untracked 
|  84|0x00000000e5400000, 0x00000000e5400000, 0x00000000e5500000|  0%| F|  |TAMS 0x00000000e5400000, 0x00000000e5400000| Untracked 
|  85|0x00000000e5500000, 0x00000000e5500000, 0x00000000e5600000|  0%| F|  |TAMS 0x00000000e5500000, 0x00000000e5500000| Untracked 
|  86|0x00000000e5600000, 0x00000000e5600000, 0x00000000e5700000|  0%| F|  |TAMS 0x00000000e5600000, 0x00000000e5600000| Untracked 
|  87|0x00000000e5700000, 0x00000000e5700000, 0x00000000e5800000|  0%| F|  |TAMS 0x00000000e5700000, 0x00000000e5700000| Untracked 
|  88|0x00000000e5800000, 0x00000000e5800000, 0x00000000e5900000|  0%| F|  |TAMS 0x00000000e5800000, 0x00000000e5800000| Untracked 
|  89|0x00000000e5900000, 0x00000000e5900000, 0x00000000e5a00000|  0%| F|  |TAMS 0x00000000e5900000, 0x00000000e5900000| Untracked 
|  90|0x00000000e5a00000, 0x00000000e5a00000, 0x00000000e5b00000|  0%| F|  |TAMS 0x00000000e5a00000, 0x00000000e5a00000| Untracked 
|  91|0x00000000e5b00000, 0x00000000e5b00000, 0x00000000e5c00000|  0%| F|  |TAMS 0x00000000e5b00000, 0x00000000e5b00000| Untracked 
|  92|0x00000000e5c00000, 0x00000000e5c00000, 0x00000000e5d00000|  0%| F|  |TAMS 0x00000000e5c00000, 0x00000000e5c00000| Untracked 
|  93|0x00000000e5d00000, 0x00000000e5d00000, 0x00000000e5e00000|  0%| F|  |TAMS 0x00000000e5d00000, 0x00000000e5d00000| Untracked 
|  94|0x00000000e5e00000, 0x00000000e5e00000, 0x00000000e5f00000|  0%| F|  |TAMS 0x00000000e5e00000, 0x00000000e5e00000| Untracked 
|  95|0x00000000e5f00000, 0x00000000e5f00000, 0x00000000e6000000|  0%| F|  |TAMS 0x00000000e5f00000, 0x00000000e5f00000| Untracked 
|  96|0x00000000e6000000, 0x00000000e6000000, 0x00000000e6100000|  0%| F|  |TAMS 0x00000000e6000000, 0x00000000e6000000| Untracked 
|  97|0x00000000e6100000, 0x00000000e6100000, 0x00000000e6200000|  0%| F|  |TAMS 0x00000000e6100000, 0x00000000e6100000| Untracked 
|  98|0x00000000e6200000, 0x00000000e6200000, 0x00000000e6300000|  0%| F|  |TAMS 0x00000000e6200000, 0x00000000e6200000| Untracked 
|  99|0x00000000e6300000, 0x00000000e6300000, 0x00000000e6400000|  0%| F|  |TAMS 0x00000000e6300000, 0x00000000e6300000| Untracked 
| 100|0x00000000e6400000, 0x00000000e6400000, 0x00000000e6500000|  0%| F|  |TAMS 0x00000000e6400000, 0x00000000e6400000| Untracked 
| 101|0x00000000e6500000, 0x00000000e6500000, 0x00000000e6600000|  0%| F|  |TAMS 0x00000000e6500000, 0x00000000e6500000| Untracked 
| 102|0x00000000e6600000, 0x00000000e6600000, 0x00000000e6700000|  0%| F|  |TAMS 0x00000000e6600000, 0x00000000e6600000| Untracked 
| 103|0x00000000e6700000, 0x00000000e6700000, 0x00000000e6800000|  0%| F|  |TAMS 0x00000000e6700000, 0x00000000e6700000| Untracked 
| 104|0x00000000e6800000, 0x00000000e6800000, 0x00000000e6900000|  0%| F|  |TAMS 0x00000000e6800000, 0x00000000e6800000| Untracked 
| 105|0x00000000e6900000, 0x00000000e6900000, 0x00000000e6a00000|  0%| F|  |TAMS 0x00000000e6900000, 0x00000000e6900000| Untracked 
| 106|0x00000000e6a00000, 0x00000000e6a00000, 0x00000000e6b00000|  0%| F|  |TAMS 0x00000000e6a00000, 0x00000000e6a00000| Untracked 
| 107|0x00000000e6b00000, 0x00000000e6b00000, 0x00000000e6c00000|  0%| F|  |TAMS 0x00000000e6b00000, 0x00000000e6b00000| Untracked 
| 108|0x00000000e6c00000, 0x00000000e6c00000, 0x00000000e6d00000|  0%| F|  |TAMS 0x00000000e6c00000, 0x00000000e6c00000| Untracked 
| 109|0x00000000e6d00000, 0x00000000e6d00000, 0x00000000e6e00000|  0%| F|  |TAMS 0x00000000e6d00000, 0x00000000e6d00000| Untracked 
| 110|0x00000000e6e00000, 0x00000000e6e00000, 0x00000000e6f00000|  0%| F|  |TAMS 0x00000000e6e00000, 0x00000000e6e00000| Untracked 
| 111|0x00000000e6f00000, 0x00000000e6f00000, 0x00000000e7000000|  0%| F|  |TAMS 0x00000000e6f00000, 0x00000000e6f00000| Untracked 
| 112|0x00000000e7000000, 0x00000000e7000000, 0x00000000e7100000|  0%| F|  |TAMS 0x00000000e7000000, 0x00000000e7000000| Untracked 
| 113|0x00000000e7100000, 0x00000000e7100000, 0x00000000e7200000|  0%| F|  |TAMS 0x00000000e7100000, 0x00000000e7100000| Untracked 
| 114|0x00000000e7200000, 0x00000000e7200000, 0x00000000e7300000|  0%| F|  |TAMS 0x00000000e7200000, 0x00000000e7200000| Untracked 
| 115|0x00000000e7300000, 0x00000000e7300000, 0x00000000e7400000|  0%| F|  |TAMS 0x00000000e7300000, 0x00000000e7300000| Untracked 
| 116|0x00000000e7400000, 0x00000000e7400000, 0x00000000e7500000|  0%| F|  |TAMS 0x00000000e7400000, 0x00000000e7400000| Untracked 
| 117|0x00000000e7500000, 0x00000000e7500000, 0x00000000e7600000|  0%| F|  |TAMS 0x00000000e7500000, 0x00000000e7500000| Untracked 
| 118|0x00000000e7600000, 0x00000000e7600000, 0x00000000e7700000|  0%| F|  |TAMS 0x00000000e7600000, 0x00000000e7600000| Untracked 
| 119|0x00000000e7700000, 0x00000000e7700000, 0x00000000e7800000|  0%| F|  |TAMS 0x00000000e7700000, 0x00000000e7700000| Untracked 
| 120|0x00000000e7800000, 0x00000000e7800000, 0x00000000e7900000|  0%| F|  |TAMS 0x00000000e7800000, 0x00000000e7800000| Untracked 
| 121|0x00000000e7900000, 0x00000000e7900000, 0x00000000e7a00000|  0%| F|  |TAMS 0x00000000e7900000, 0x00000000e7900000| Untracked 
| 122|0x00000000e7a00000, 0x00000000e7a00000, 0x00000000e7b00000|  0%| F|  |TAMS 0x00000000e7a00000, 0x00000000e7a00000| Untracked 
| 123|0x00000000e7b00000, 0x00000000e7b00000, 0x00000000e7c00000|  0%| F|  |TAMS 0x00000000e7b00000, 0x00000000e7b00000| Untracked 
| 124|0x00000000e7c00000, 0x00000000e7c00000, 0x00000000e7d00000|  0%| F|  |TAMS 0x00000000e7c00000, 0x00000000e7c00000| Untracked 
| 125|0x00000000e7d00000, 0x00000000e7d00000, 0x00000000e7e00000|  0%| F|  |TAMS 0x00000000e7d00000, 0x00000000e7d00000| Untracked 
| 126|0x00000000e7e00000, 0x00000000e7e00000, 0x00000000e7f00000|  0%| F|  |TAMS 0x00000000e7e00000, 0x00000000e7e00000| Untracked 
| 127|0x00000000e7f00000, 0x00000000e7f00000, 0x00000000e8000000|  0%| F|  |TAMS 0x00000000e7f00000, 0x00000000e7f00000| Untracked 
| 128|0x00000000e8000000, 0x00000000e8000000, 0x00000000e8100000|  0%| F|  |TAMS 0x00000000e8000000, 0x00000000e8000000| Untracked 
| 129|0x00000000e8100000, 0x00000000e8100000, 0x00000000e8200000|  0%| F|  |TAMS 0x00000000e8100000, 0x00000000e8100000| Untracked 
| 130|0x00000000e8200000, 0x00000000e8200000, 0x00000000e8300000|  0%| F|  |TAMS 0x00000000e8200000, 0x00000000e8200000| Untracked 
| 131|0x00000000e8300000, 0x00000000e8300000, 0x00000000e8400000|  0%| F|  |TAMS 0x00000000e8300000, 0x00000000e8300000| Untracked 
| 132|0x00000000e8400000, 0x00000000e8400000, 0x00000000e8500000|  0%| F|  |TAMS 0x00000000e8400000, 0x00000000e8400000| Untracked 
| 133|0x00000000e8500000, 0x00000000e8500000, 0x00000000e8600000|  0%| F|  |TAMS 0x00000000e8500000, 0x00000000e8500000| Untracked 
| 134|0x00000000e8600000, 0x00000000e8600000, 0x00000000e8700000|  0%| F|  |TAMS 0x00000000e8600000, 0x00000000e8600000| Untracked 
| 135|0x00000000e8700000, 0x00000000e8700000, 0x00000000e8800000|  0%| F|  |TAMS 0x00000000e8700000, 0x00000000e8700000| Untracked 
| 136|0x00000000e8800000, 0x00000000e8800000, 0x00000000e8900000|  0%| F|  |TAMS 0x00000000e8800000, 0x00000000e8800000| Untracked 
| 137|0x00000000e8900000, 0x00000000e8900000, 0x00000000e8a00000|  0%| F|  |TAMS 0x00000000e8900000, 0x00000000e8900000| Untracked 
| 138|0x00000000e8a00000, 0x00000000e8a00000, 0x00000000e8b00000|  0%| F|  |TAMS 0x00000000e8a00000, 0x00000000e8a00000| Untracked 
| 139|0x00000000e8b00000, 0x00000000e8b00000, 0x00000000e8c00000|  0%| F|  |TAMS 0x00000000e8b00000, 0x00000000e8b00000| Untracked 
| 140|0x00000000e8c00000, 0x00000000e8c00000, 0x00000000e8d00000|  0%| F|  |TAMS 0x00000000e8c00000, 0x00000000e8c00000| Untracked 
| 141|0x00000000e8d00000, 0x00000000e8d00000, 0x00000000e8e00000|  0%| F|  |TAMS 0x00000000e8d00000, 0x00000000e8d00000| Untracked 
| 142|0x00000000e8e00000, 0x00000000e8e00000, 0x00000000e8f00000|  0%| F|  |TAMS 0x00000000e8e00000, 0x00000000e8e00000| Untracked 
| 143|0x00000000e8f00000, 0x00000000e8f00000, 0x00000000e9000000|  0%| F|  |TAMS 0x00000000e8f00000, 0x00000000e8f00000| Untracked 
| 144|0x00000000e9000000, 0x00000000e9000000, 0x00000000e9100000|  0%| F|  |TAMS 0x00000000e9000000, 0x00000000e9000000| Untracked 
| 145|0x00000000e9100000, 0x00000000e9100000, 0x00000000e9200000|  0%| F|  |TAMS 0x00000000e9100000, 0x00000000e9100000| Untracked 
| 146|0x00000000e9200000, 0x00000000e9200000, 0x00000000e9300000|  0%| F|  |TAMS 0x00000000e9200000, 0x00000000e9200000| Untracked 
| 147|0x00000000e9300000, 0x00000000e9300000, 0x00000000e9400000|  0%| F|  |TAMS 0x00000000e9300000, 0x00000000e9300000| Untracked 
| 148|0x00000000e9400000, 0x00000000e9400000, 0x00000000e9500000|  0%| F|  |TAMS 0x00000000e9400000, 0x00000000e9400000| Untracked 
| 149|0x00000000e9500000, 0x00000000e9500000, 0x00000000e9600000|  0%| F|  |TAMS 0x00000000e9500000, 0x00000000e9500000| Untracked 
| 150|0x00000000e9600000, 0x00000000e9600000, 0x00000000e9700000|  0%| F|  |TAMS 0x00000000e9600000, 0x00000000e9600000| Untracked 
| 151|0x00000000e9700000, 0x00000000e9700000, 0x00000000e9800000|  0%| F|  |TAMS 0x00000000e9700000, 0x00000000e9700000| Untracked 
| 152|0x00000000e9800000, 0x00000000e9800000, 0x00000000e9900000|  0%| F|  |TAMS 0x00000000e9800000, 0x00000000e9800000| Untracked 
| 153|0x00000000e9900000, 0x00000000e9900000, 0x00000000e9a00000|  0%| F|  |TAMS 0x00000000e9900000, 0x00000000e9900000| Untracked 
| 154|0x00000000e9a00000, 0x00000000e9a00000, 0x00000000e9b00000|  0%| F|  |TAMS 0x00000000e9a00000, 0x00000000e9a00000| Untracked 
| 155|0x00000000e9b00000, 0x00000000e9b00000, 0x00000000e9c00000|  0%| F|  |TAMS 0x00000000e9b00000, 0x00000000e9b00000| Untracked 
| 156|0x00000000e9c00000, 0x00000000e9c00000, 0x00000000e9d00000|  0%| F|  |TAMS 0x00000000e9c00000, 0x00000000e9c00000| Untracked 
| 157|0x00000000e9d00000, 0x00000000e9d00000, 0x00000000e9e00000|  0%| F|  |TAMS 0x00000000e9d00000, 0x00000000e9d00000| Untracked 
| 158|0x00000000e9e00000, 0x00000000e9e00000, 0x00000000e9f00000|  0%| F|  |TAMS 0x00000000e9e00000, 0x00000000e9e00000| Untracked 
| 159|0x00000000e9f00000, 0x00000000e9f00000, 0x00000000ea000000|  0%| F|  |TAMS 0x00000000e9f00000, 0x00000000e9f00000| Untracked 
| 160|0x00000000ea000000, 0x00000000ea000000, 0x00000000ea100000|  0%| F|  |TAMS 0x00000000ea000000, 0x00000000ea000000| Untracked 
| 161|0x00000000ea100000, 0x00000000ea100000, 0x00000000ea200000|  0%| F|  |TAMS 0x00000000ea100000, 0x00000000ea100000| Untracked 
| 162|0x00000000ea200000, 0x00000000ea200000, 0x00000000ea300000|  0%| F|  |TAMS 0x00000000ea200000, 0x00000000ea200000| Untracked 
| 163|0x00000000ea300000, 0x00000000ea300000, 0x00000000ea400000|  0%| F|  |TAMS 0x00000000ea300000, 0x00000000ea300000| Untracked 
| 164|0x00000000ea400000, 0x00000000ea400000, 0x00000000ea500000|  0%| F|  |TAMS 0x00000000ea400000, 0x00000000ea400000| Untracked 
| 165|0x00000000ea500000, 0x00000000ea500000, 0x00000000ea600000|  0%| F|  |TAMS 0x00000000ea500000, 0x00000000ea500000| Untracked 
| 166|0x00000000ea600000, 0x00000000ea600000, 0x00000000ea700000|  0%| F|  |TAMS 0x00000000ea600000, 0x00000000ea600000| Untracked 
| 167|0x00000000ea700000, 0x00000000ea700000, 0x00000000ea800000|  0%| F|  |TAMS 0x00000000ea700000, 0x00000000ea700000| Untracked 
| 168|0x00000000ea800000, 0x00000000ea800000, 0x00000000ea900000|  0%| F|  |TAMS 0x00000000ea800000, 0x00000000ea800000| Untracked 
| 169|0x00000000ea900000, 0x00000000ea900000, 0x00000000eaa00000|  0%| F|  |TAMS 0x00000000ea900000, 0x00000000ea900000| Untracked 
| 170|0x00000000eaa00000, 0x00000000eaa80000, 0x00000000eab00000| 50%| S|CS|TAMS 0x00000000eaa00000, 0x00000000eaa00000| Complete 
| 171|0x00000000eab00000, 0x00000000eac00000, 0x00000000eac00000|100%| S|CS|TAMS 0x00000000eab00000, 0x00000000eab00000| Complete 
| 172|0x00000000eac00000, 0x00000000ead00000, 0x00000000ead00000|100%| S|CS|TAMS 0x00000000eac00000, 0x00000000eac00000| Complete 
| 173|0x00000000ead00000, 0x00000000eae00000, 0x00000000eae00000|100%| S|CS|TAMS 0x00000000ead00000, 0x00000000ead00000| Complete 
| 174|0x00000000eae00000, 0x00000000eaf00000, 0x00000000eaf00000|100%| S|CS|TAMS 0x00000000eae00000, 0x00000000eae00000| Complete 
| 175|0x00000000eaf00000, 0x00000000eb000000, 0x00000000eb000000|100%| S|CS|TAMS 0x00000000eaf00000, 0x00000000eaf00000| Complete 
| 176|0x00000000eb000000, 0x00000000eb100000, 0x00000000eb100000|100%| S|CS|TAMS 0x00000000eb000000, 0x00000000eb000000| Complete 
| 177|0x00000000eb100000, 0x00000000eb200000, 0x00000000eb200000|100%| S|CS|TAMS 0x00000000eb100000, 0x00000000eb100000| Complete 
| 178|0x00000000eb200000, 0x00000000eb300000, 0x00000000eb300000|100%| S|CS|TAMS 0x00000000eb200000, 0x00000000eb200000| Complete 
| 179|0x00000000eb300000, 0x00000000eb400000, 0x00000000eb400000|100%| S|CS|TAMS 0x00000000eb300000, 0x00000000eb300000| Complete 
| 180|0x00000000eb400000, 0x00000000eb500000, 0x00000000eb500000|100%| S|CS|TAMS 0x00000000eb400000, 0x00000000eb400000| Complete 
| 181|0x00000000eb500000, 0x00000000eb600000, 0x00000000eb600000|100%| S|CS|TAMS 0x00000000eb500000, 0x00000000eb500000| Complete 
| 182|0x00000000eb600000, 0x00000000eb700000, 0x00000000eb700000|100%| S|CS|TAMS 0x00000000eb600000, 0x00000000eb600000| Complete 
| 183|0x00000000eb700000, 0x00000000eb800000, 0x00000000eb800000|100%| S|CS|TAMS 0x00000000eb700000, 0x00000000eb700000| Complete 
| 184|0x00000000eb800000, 0x00000000eb900000, 0x00000000eb900000|100%| S|CS|TAMS 0x00000000eb800000, 0x00000000eb800000| Complete 
| 185|0x00000000eb900000, 0x00000000eb900000, 0x00000000eba00000|  0%| F|  |TAMS 0x00000000eb900000, 0x00000000eb900000| Untracked 
| 186|0x00000000eba00000, 0x00000000eba00000, 0x00000000ebb00000|  0%| F|  |TAMS 0x00000000eba00000, 0x00000000eba00000| Untracked 
| 187|0x00000000ebb00000, 0x00000000ebb00000, 0x00000000ebc00000|  0%| F|  |TAMS 0x00000000ebb00000, 0x00000000ebb00000| Untracked 
| 188|0x00000000ebc00000, 0x00000000ebc00000, 0x00000000ebd00000|  0%| F|  |TAMS 0x00000000ebc00000, 0x00000000ebc00000| Untracked 
| 189|0x00000000ebd00000, 0x00000000ebd00000, 0x00000000ebe00000|  0%| F|  |TAMS 0x00000000ebd00000, 0x00000000ebd00000| Untracked 
| 190|0x00000000ebe00000, 0x00000000ebe00000, 0x00000000ebf00000|  0%| F|  |TAMS 0x00000000ebe00000, 0x00000000ebe00000| Untracked 
| 191|0x00000000ebf00000, 0x00000000ebf00000, 0x00000000ec000000|  0%| F|  |TAMS 0x00000000ebf00000, 0x00000000ebf00000| Untracked 
| 192|0x00000000ec000000, 0x00000000ec000000, 0x00000000ec100000|  0%| F|  |TAMS 0x00000000ec000000, 0x00000000ec000000| Untracked 
| 193|0x00000000ec100000, 0x00000000ec100000, 0x00000000ec200000|  0%| F|  |TAMS 0x00000000ec100000, 0x00000000ec100000| Untracked 
| 194|0x00000000ec200000, 0x00000000ec200000, 0x00000000ec300000|  0%| F|  |TAMS 0x00000000ec200000, 0x00000000ec200000| Untracked 
| 195|0x00000000ec300000, 0x00000000ec300000, 0x00000000ec400000|  0%| F|  |TAMS 0x00000000ec300000, 0x00000000ec300000| Untracked 
| 196|0x00000000ec400000, 0x00000000ec400000, 0x00000000ec500000|  0%| F|  |TAMS 0x00000000ec400000, 0x00000000ec400000| Untracked 
| 197|0x00000000ec500000, 0x00000000ec500000, 0x00000000ec600000|  0%| F|  |TAMS 0x00000000ec500000, 0x00000000ec500000| Untracked 
| 198|0x00000000ec600000, 0x00000000ec600000, 0x00000000ec700000|  0%| F|  |TAMS 0x00000000ec600000, 0x00000000ec600000| Untracked 
| 199|0x00000000ec700000, 0x00000000ec700000, 0x00000000ec800000|  0%| F|  |TAMS 0x00000000ec700000, 0x00000000ec700000| Untracked 
| 200|0x00000000ec800000, 0x00000000ec800000, 0x00000000ec900000|  0%| F|  |TAMS 0x00000000ec800000, 0x00000000ec800000| Untracked 
| 201|0x00000000ec900000, 0x00000000ec900000, 0x00000000eca00000|  0%| F|  |TAMS 0x00000000ec900000, 0x00000000ec900000| Untracked 
| 202|0x00000000eca00000, 0x00000000eca00000, 0x00000000ecb00000|  0%| F|  |TAMS 0x00000000eca00000, 0x00000000eca00000| Untracked 
| 203|0x00000000ecb00000, 0x00000000ecb00000, 0x00000000ecc00000|  0%| F|  |TAMS 0x00000000ecb00000, 0x00000000ecb00000| Untracked 
| 204|0x00000000ecc00000, 0x00000000ecc00000, 0x00000000ecd00000|  0%| F|  |TAMS 0x00000000ecc00000, 0x00000000ecc00000| Untracked 
| 205|0x00000000ecd00000, 0x00000000ecd00000, 0x00000000ece00000|  0%| F|  |TAMS 0x00000000ecd00000, 0x00000000ecd00000| Untracked 
| 206|0x00000000ece00000, 0x00000000ece00000, 0x00000000ecf00000|  0%| F|  |TAMS 0x00000000ece00000, 0x00000000ece00000| Untracked 
| 207|0x00000000ecf00000, 0x00000000ecf00000, 0x00000000ed000000|  0%| F|  |TAMS 0x00000000ecf00000, 0x00000000ecf00000| Untracked 
| 208|0x00000000ed000000, 0x00000000ed000000, 0x00000000ed100000|  0%| F|  |TAMS 0x00000000ed000000, 0x00000000ed000000| Untracked 
| 209|0x00000000ed100000, 0x00000000ed100000, 0x00000000ed200000|  0%| F|  |TAMS 0x00000000ed100000, 0x00000000ed100000| Untracked 
| 210|0x00000000ed200000, 0x00000000ed200000, 0x00000000ed300000|  0%| F|  |TAMS 0x00000000ed200000, 0x00000000ed200000| Untracked 
| 211|0x00000000ed300000, 0x00000000ed300000, 0x00000000ed400000|  0%| F|  |TAMS 0x00000000ed300000, 0x00000000ed300000| Untracked 
| 212|0x00000000ed400000, 0x00000000ed400000, 0x00000000ed500000|  0%| F|  |TAMS 0x00000000ed400000, 0x00000000ed400000| Untracked 
| 213|0x00000000ed500000, 0x00000000ed500000, 0x00000000ed600000|  0%| F|  |TAMS 0x00000000ed500000, 0x00000000ed500000| Untracked 
| 214|0x00000000ed600000, 0x00000000ed600000, 0x00000000ed700000|  0%| F|  |TAMS 0x00000000ed600000, 0x00000000ed600000| Untracked 
| 215|0x00000000ed700000, 0x00000000ed700000, 0x00000000ed800000|  0%| F|  |TAMS 0x00000000ed700000, 0x00000000ed700000| Untracked 
| 216|0x00000000ed800000, 0x00000000ed800000, 0x00000000ed900000|  0%| F|  |TAMS 0x00000000ed800000, 0x00000000ed800000| Untracked 
| 217|0x00000000ed900000, 0x00000000ed900000, 0x00000000eda00000|  0%| F|  |TAMS 0x00000000ed900000, 0x00000000ed900000| Untracked 
| 218|0x00000000eda00000, 0x00000000eda00000, 0x00000000edb00000|  0%| F|  |TAMS 0x00000000eda00000, 0x00000000eda00000| Untracked 
| 219|0x00000000edb00000, 0x00000000edb00000, 0x00000000edc00000|  0%| F|  |TAMS 0x00000000edb00000, 0x00000000edb00000| Untracked 
| 220|0x00000000edc00000, 0x00000000edc00000, 0x00000000edd00000|  0%| F|  |TAMS 0x00000000edc00000, 0x00000000edc00000| Untracked 
| 221|0x00000000edd00000, 0x00000000edd00000, 0x00000000ede00000|  0%| F|  |TAMS 0x00000000edd00000, 0x00000000edd00000| Untracked 
| 222|0x00000000ede00000, 0x00000000ede00000, 0x00000000edf00000|  0%| F|  |TAMS 0x00000000ede00000, 0x00000000ede00000| Untracked 
| 223|0x00000000edf00000, 0x00000000edf00000, 0x00000000ee000000|  0%| F|  |TAMS 0x00000000edf00000, 0x00000000edf00000| Untracked 
| 224|0x00000000ee000000, 0x00000000ee000000, 0x00000000ee100000|  0%| F|  |TAMS 0x00000000ee000000, 0x00000000ee000000| Untracked 
| 225|0x00000000ee100000, 0x00000000ee100000, 0x00000000ee200000|  0%| F|  |TAMS 0x00000000ee100000, 0x00000000ee100000| Untracked 
| 226|0x00000000ee200000, 0x00000000ee200000, 0x00000000ee300000|  0%| F|  |TAMS 0x00000000ee200000, 0x00000000ee200000| Untracked 
| 227|0x00000000ee300000, 0x00000000ee300000, 0x00000000ee400000|  0%| F|  |TAMS 0x00000000ee300000, 0x00000000ee300000| Untracked 
| 228|0x00000000ee400000, 0x00000000ee400000, 0x00000000ee500000|  0%| F|  |TAMS 0x00000000ee400000, 0x00000000ee400000| Untracked 
| 229|0x00000000ee500000, 0x00000000ee500000, 0x00000000ee600000|  0%| F|  |TAMS 0x00000000ee500000, 0x00000000ee500000| Untracked 
| 230|0x00000000ee600000, 0x00000000ee600000, 0x00000000ee700000|  0%| F|  |TAMS 0x00000000ee600000, 0x00000000ee600000| Untracked 
| 231|0x00000000ee700000, 0x00000000ee700000, 0x00000000ee800000|  0%| F|  |TAMS 0x00000000ee700000, 0x00000000ee700000| Untracked 
| 232|0x00000000ee800000, 0x00000000ee800000, 0x00000000ee900000|  0%| F|  |TAMS 0x00000000ee800000, 0x00000000ee800000| Untracked 
| 233|0x00000000ee900000, 0x00000000ee900000, 0x00000000eea00000|  0%| F|  |TAMS 0x00000000ee900000, 0x00000000ee900000| Untracked 
| 234|0x00000000eea00000, 0x00000000eea00000, 0x00000000eeb00000|  0%| F|  |TAMS 0x00000000eea00000, 0x00000000eea00000| Untracked 
| 235|0x00000000eeb00000, 0x00000000eeb00000, 0x00000000eec00000|  0%| F|  |TAMS 0x00000000eeb00000, 0x00000000eeb00000| Untracked 
| 236|0x00000000eec00000, 0x00000000eec00000, 0x00000000eed00000|  0%| F|  |TAMS 0x00000000eec00000, 0x00000000eec00000| Untracked 
| 237|0x00000000eed00000, 0x00000000eed00000, 0x00000000eee00000|  0%| F|  |TAMS 0x00000000eed00000, 0x00000000eed00000| Untracked 
| 238|0x00000000eee00000, 0x00000000eee98e00, 0x00000000eef00000| 59%| E|  |TAMS 0x00000000eee00000, 0x00000000eee00000| Complete 
| 239|0x00000000eef00000, 0x00000000ef000000, 0x00000000ef000000|100%| E|CS|TAMS 0x00000000eef00000, 0x00000000eef00000| Complete 
| 240|0x00000000ef000000, 0x00000000ef100000, 0x00000000ef100000|100%| E|CS|TAMS 0x00000000ef000000, 0x00000000ef000000| Complete 
| 241|0x00000000ef100000, 0x00000000ef200000, 0x00000000ef200000|100%| E|CS|TAMS 0x00000000ef100000, 0x00000000ef100000| Complete 
| 242|0x00000000ef200000, 0x00000000ef300000, 0x00000000ef300000|100%| E|CS|TAMS 0x00000000ef200000, 0x00000000ef200000| Complete 
| 243|0x00000000ef300000, 0x00000000ef400000, 0x00000000ef400000|100%| E|CS|TAMS 0x00000000ef300000, 0x00000000ef300000| Complete 
| 244|0x00000000ef400000, 0x00000000ef500000, 0x00000000ef500000|100%| E|CS|TAMS 0x00000000ef400000, 0x00000000ef400000| Complete 
| 245|0x00000000ef500000, 0x00000000ef600000, 0x00000000ef600000|100%| E|CS|TAMS 0x00000000ef500000, 0x00000000ef500000| Complete 
| 246|0x00000000ef600000, 0x00000000ef700000, 0x00000000ef700000|100%| E|CS|TAMS 0x00000000ef600000, 0x00000000ef600000| Complete 
| 247|0x00000000ef700000, 0x00000000ef800000, 0x00000000ef800000|100%| E|CS|TAMS 0x00000000ef700000, 0x00000000ef700000| Complete 
| 248|0x00000000ef800000, 0x00000000ef900000, 0x00000000ef900000|100%| E|CS|TAMS 0x00000000ef800000, 0x00000000ef800000| Complete 
| 249|0x00000000ef900000, 0x00000000efa00000, 0x00000000efa00000|100%| E|CS|TAMS 0x00000000ef900000, 0x00000000ef900000| Complete 
| 250|0x00000000efa00000, 0x00000000efb00000, 0x00000000efb00000|100%| E|CS|TAMS 0x00000000efa00000, 0x00000000efa00000| Complete 
| 251|0x00000000efb00000, 0x00000000efc00000, 0x00000000efc00000|100%| E|CS|TAMS 0x00000000efb00000, 0x00000000efb00000| Complete 
| 252|0x00000000efc00000, 0x00000000efd00000, 0x00000000efd00000|100%| E|CS|TAMS 0x00000000efc00000, 0x00000000efc00000| Complete 
| 253|0x00000000efd00000, 0x00000000efe00000, 0x00000000efe00000|100%| E|CS|TAMS 0x00000000efd00000, 0x00000000efd00000| Complete 
| 254|0x00000000efe00000, 0x00000000eff00000, 0x00000000eff00000|100%| E|CS|TAMS 0x00000000efe00000, 0x00000000efe00000| Complete 
| 255|0x00000000eff00000, 0x00000000f0000000, 0x00000000f0000000|100%| E|CS|TAMS 0x00000000eff00000, 0x00000000eff00000| Complete 

Card table byte_map: [0x000002f99a520000,0x000002f99a620000] _byte_map_base: 0x000002f999e20000

Marking Bits (Prev, Next): (CMBitMap*) 0x000002f983141748, (CMBitMap*) 0x000002f983141708
 Prev Bits: [0x000002f99af20000, 0x000002f99b720000)
 Next Bits: [0x000002f99a720000, 0x000002f99af20000)

Polling page: 0x000002f980fa0000

Metaspace:

Usage:
  Non-class:     51.58 MB capacity,    50.28 MB ( 97%) used,     1.16 MB (  2%) free+waste,   149.44 KB ( <1%) overhead. 
      Class:      8.19 MB capacity,     7.61 MB ( 93%) used,   523.82 KB (  6%) free+waste,    70.06 KB ( <1%) overhead. 
       Both:     59.77 MB capacity,    57.89 MB ( 97%) used,     1.67 MB (  3%) free+waste,   219.50 KB ( <1%) overhead. 

Virtual space:
  Non-class space:       52.00 MB reserved,      51.84 MB (>99%) committed 
      Class space:      248.00 MB reserved,       8.27 MB (  3%) committed 
             Both:      300.00 MB reserved,      60.11 MB ( 20%) committed 

Chunk freelists:
   Non-Class:  4.88 KB
       Class:  0 bytes
        Both:  4.88 KB

CodeHeap 'non-profiled nmethods': size=120064Kb used=4659Kb max_used=4799Kb free=115404Kb
 bounds [0x000002f992fe0000, 0x000002f9934a0000, 0x000002f99a520000]
CodeHeap 'profiled nmethods': size=120000Kb used=18006Kb max_used=18332Kb free=101993Kb
 bounds [0x000002f98bab0000, 0x000002f98ccb0000, 0x000002f992fe0000]
CodeHeap 'non-nmethods': size=5696Kb used=2293Kb max_used=2347Kb free=3402Kb
 bounds [0x000002f98b520000, 0x000002f98b790000, 0x000002f98bab0000]
 total_blobs=11882 nmethods=7930 adapters=780
 compilation: enabled
              stopped_count=0, restarted_count=0
 full_count=0

Compilation events (10 events):
Event: 48.208 Thread 0x000002f99e688800 9005       1       org.gradle.api.internal.project.DefaultProject::getMutationState (5 bytes)
Event: 48.208 Thread 0x000002f99e688800 nmethod 9005 0x000002f993092010 code [0x000002f9930921c0, 0x000002f9930922f8]
Event: 48.212 Thread 0x000002f99e688800 9006       3       com.google.common.base.CharMatcher$Or::matches (28 bytes)
Event: 48.212 Thread 0x000002f99e688800 nmethod 9006 0x000002f98bc92190 code [0x000002f98bc92380, 0x000002f98bc92740]
Event: 48.213 Thread 0x000002f99e688800 9008       3       org.gradle.internal.metaobject.DynamicInvokeResult::getValue (22 bytes)
Event: 48.213 Thread 0x000002f99e688800 nmethod 9008 0x000002f98bcd9290 code [0x000002f98bcd9460, 0x000002f98bcd97d0]
Event: 48.213 Thread 0x000002f99e688800 9007       1       groovy.lang.Closure::getResolveStrategy (5 bytes)
Event: 48.213 Thread 0x000002f99e688800 nmethod 9007 0x000002f993091c90 code [0x000002f993091e40, 0x000002f993091f78]
Event: 48.216 Thread 0x000002f99e688800 9010       3       java.util.regex.Pattern$Node::match (27 bytes)
Event: 48.216 Thread 0x000002f99e688800 nmethod 9010 0x000002f98bcd8d90 code [0x000002f98bcd8f60, 0x000002f98bcd9138]

GC Heap History (10 events):
Event: 15.794 GC heap before
{Heap before GC invocations=7 (full 0):
 garbage-first heap   total 262144K, used 131654K [0x00000000e0000000, 0x0000000100000000)
  region size 1024K, 98 young (100352K), 9 survivors (9216K)
 Metaspace       used 41721K, capacity 43148K, committed 43336K, reserved 292864K
  class space    used 5822K, capacity 6321K, committed 6348K, reserved 253952K
}
Event: 15.819 GC heap after
{Heap after GC invocations=8 (full 0):
 garbage-first heap   total 262144K, used 46703K [0x00000000e0000000, 0x0000000100000000)
  region size 1024K, 10 young (10240K), 10 survivors (10240K)
 Metaspace       used 41721K, capacity 43148K, committed 43336K, reserved 292864K
  class space    used 5822K, capacity 6321K, committed 6348K, reserved 253952K
}
Event: 19.597 GC heap before
{Heap before GC invocations=8 (full 0):
 garbage-first heap   total 262144K, used 169583K [0x00000000e0000000, 0x0000000100000000)
  region size 1024K, 130 young (133120K), 10 survivors (10240K)
 Metaspace       used 46007K, capacity 47647K, committed 47688K, reserved 294912K
  class space    used 6295K, capacity 6840K, committed 6860K, reserved 253952K
}
Event: 19.627 GC heap after
{Heap after GC invocations=9 (full 0):
 garbage-first heap   total 262144K, used 55665K [0x00000000e0000000, 0x0000000100000000)
  region size 1024K, 15 young (15360K), 15 survivors (15360K)
 Metaspace       used 46007K, capacity 47647K, committed 47688K, reserved 294912K
  class space    used 6295K, capacity 6840K, committed 6860K, reserved 253952K
}
Event: 21.690 GC heap before
{Heap before GC invocations=9 (full 0):
 garbage-first heap   total 262144K, used 179569K [0x00000000e0000000, 0x0000000100000000)
  region size 1024K, 136 young (139264K), 15 survivors (15360K)
 Metaspace       used 46778K, capacity 48284K, committed 48456K, reserved 296960K
  class space    used 6316K, capacity 6851K, committed 6860K, reserved 253952K
}
Event: 21.718 GC heap after
{Heap after GC invocations=10 (full 0):
 garbage-first heap   total 262144K, used 60061K [0x00000000e0000000, 0x0000000100000000)
  region size 1024K, 13 young (13312K), 13 survivors (13312K)
 Metaspace       used 46778K, capacity 48284K, committed 48456K, reserved 296960K
  class space    used 6316K, capacity 6851K, committed 6860K, reserved 253952K
}
Event: 24.764 GC heap before
{Heap before GC invocations=10 (full 0):
 garbage-first heap   total 262144K, used 187037K [0x00000000e0000000, 0x0000000100000000)
  region size 1024K, 137 young (140288K), 13 survivors (13312K)
 Metaspace       used 55552K, capacity 57246K, committed 57544K, reserved 305152K
  class space    used 7332K, capacity 7885K, committed 8012K, reserved 253952K
}
Event: 24.818 GC heap after
{Heap after GC invocations=11 (full 0):
 garbage-first heap   total 262144K, used 66818K [0x00000000e0000000, 0x0000000100000000)
  region size 1024K, 12 young (12288K), 12 survivors (12288K)
 Metaspace       used 55552K, capacity 57246K, committed 57544K, reserved 305152K
  class space    used 7332K, capacity 7885K, committed 8012K, reserved 253952K
}
Event: 26.621 GC heap before
{Heap before GC invocations=11 (full 0):
 garbage-first heap   total 262144K, used 138498K [0x00000000e0000000, 0x0000000100000000)
  region size 1024K, 83 young (84992K), 12 survivors (12288K)
 Metaspace       used 58156K, capacity 60000K, committed 60068K, reserved 307200K
  class space    used 7656K, capacity 8244K, committed 8268K, reserved 253952K
}
Event: 26.650 GC heap after
{Heap after GC invocations=12 (full 0):
 garbage-first heap   total 262144K, used 74573K [0x00000000e0000000, 0x0000000100000000)
  region size 1024K, 15 young (15360K), 15 survivors (15360K)
 Metaspace       used 58156K, capacity 60000K, committed 60068K, reserved 307200K
  class space    used 7656K, capacity 8244K, committed 8268K, reserved 253952K
}

Deoptimization events (10 events):
Event: 27.029 Thread 0x000002f99fc61000 Uncommon trap: reason=unstable_if action=reinterpret pc=0x000002f99308bc1c method=org.gradle.internal.logging.text.AbstractLineChoppingStyledTextOutput$2.execute(Lorg/gradle/internal/logging/text/AbstractLineChoppingStyledTextOutput$StateContext;)V @ 30 c
Event: 27.334 Thread 0x000002f99f01e000 Uncommon trap: reason=unstable_if action=reinterpret pc=0x000002f9931fcd64 method=com.esotericsoftware.kryo.io.Input.require(I)I @ 180 c2
Event: 47.710 Thread 0x000002f9a2beb800 Uncommon trap: reason=bimorphic_or_optimized_type_check action=maybe_recompile pc=0x000002f993174ad8 method=java.io.DataInputStream.readChar()C @ 4 c2
Event: 47.711 Thread 0x000002f9a2beb800 Uncommon trap: reason=bimorphic_or_optimized_type_check action=maybe_recompile pc=0x000002f993174ad8 method=java.io.DataInputStream.readChar()C @ 4 c2
Event: 47.711 Thread 0x000002f9a2beb800 Uncommon trap: reason=bimorphic_or_optimized_type_check action=maybe_recompile pc=0x000002f993174ad8 method=java.io.DataInputStream.readChar()C @ 4 c2
Event: 47.711 Thread 0x000002f9a2beb800 Uncommon trap: reason=bimorphic_or_optimized_type_check action=maybe_recompile pc=0x000002f993174ad8 method=java.io.DataInputStream.readChar()C @ 4 c2
Event: 47.744 Thread 0x000002f99fc61000 Uncommon trap: reason=unstable_if action=reinterpret pc=0x000002f993204754 method=java.util.Formatter$Conversion.isGeneral(C)Z @ 1 c2
Event: 47.810 Thread 0x000002f99fc61000 Uncommon trap: reason=class_check action=make_not_entrant pc=0x000002f9934903f0 method=java.util.ArrayList.toArray([Ljava/lang/Object;)[Ljava/lang/Object; @ 21 c2
Event: 47.934 Thread 0x000002f99fc61000 Uncommon trap: reason=speculate_class_check action=maybe_recompile pc=0x000002f993420044 method=com.google.common.collect.ImmutableList.listIterator(I)Lcom/google/common/collect/UnmodifiableListIterator; @ 2 c2
Event: 48.051 Thread 0x000002f99fc61000 Uncommon trap: reason=speculate_class_check action=maybe_recompile pc=0x000002f993420044 method=com.google.common.collect.ImmutableList.listIterator(I)Lcom/google/common/collect/UnmodifiableListIterator; @ 2 c2

Classes redefined (0 events):
No events

Internal exceptions (10 events):
Event: 25.342 Thread 0x000002f99fc61000 Exception <a 'java/lang/ClassNotFoundException'{0x00000000ee579bc0}: org/jetbrains/plugins/gradle/tooling/util/resolve/DependencyResolverImplCustomizer> (0x00000000ee579bc0) thrown at [t:/workspace/open/src/hotspot/share/classfile/systemDictionary.cpp, li
Event: 25.931 Thread 0x000002f99fc61000 Exception <a 'java/lang/ClassNotFoundException'{0x00000000ed33ae28}: org/gradle/util/GUtilBeanInfo> (0x00000000ed33ae28) thrown at [t:/workspace/open/src/hotspot/share/classfile/systemDictionary.cpp, line 235]
Event: 25.931 Thread 0x000002f99fc61000 Exception <a 'java/lang/ClassNotFoundException'{0x00000000ed3484e8}: org/gradle/util/GUtilCustomizer> (0x00000000ed3484e8) thrown at [t:/workspace/open/src/hotspot/share/classfile/systemDictionary.cpp, line 235]
Event: 26.997 Thread 0x000002f99fc65000 Exception <a 'java/lang/NoSuchMethodError'{0x00000000ef932e48}: <clinit>> (0x00000000ef932e48) thrown at [t:/workspace/open/src/hotspot/share/prims/jni.cpp, line 1362]
Event: 27.008 Thread 0x000002f99fc65000 Exception <a 'java/lang/NoSuchMethodError'{0x00000000ef94d6c0}: <clinit>> (0x00000000ef94d6c0) thrown at [t:/workspace/open/src/hotspot/share/prims/jni.cpp, line 1362]
Event: 27.010 Thread 0x000002f99fc65000 Exception <a 'java/lang/NoSuchMethodError'{0x00000000ef95b490}: <clinit>> (0x00000000ef95b490) thrown at [t:/workspace/open/src/hotspot/share/prims/jni.cpp, line 1362]
Event: 47.892 Thread 0x000002f99fc61000 Exception <a 'java/lang/ClassNotFoundException'{0x00000000ef3a3410}: sync_studio_tooling1_o74tt9prgqi0t8afqewdazv1BeanInfo> (0x00000000ef3a3410) thrown at [t:/workspace/open/src/hotspot/share/classfile/systemDictionary.cpp, line 235]
Event: 47.893 Thread 0x000002f99fc61000 Exception <a 'java/lang/ClassNotFoundException'{0x00000000ef3ac550}: sync_studio_tooling1_o74tt9prgqi0t8afqewdazv1Customizer> (0x00000000ef3ac550) thrown at [t:/workspace/open/src/hotspot/share/classfile/systemDictionary.cpp, line 235]
Event: 47.954 Thread 0x000002f99fc61000 Exception <a 'java/lang/ClassNotFoundException'{0x00000000ef28e820}: sync_studio_tooling1_o74tt9prgqi0t8afqewdazv1BeanInfo> (0x00000000ef28e820) thrown at [t:/workspace/open/src/hotspot/share/classfile/systemDictionary.cpp, line 235]
Event: 47.955 Thread 0x000002f99fc61000 Exception <a 'java/lang/ClassNotFoundException'{0x00000000ef2978c0}: sync_studio_tooling1_o74tt9prgqi0t8afqewdazv1Customizer> (0x00000000ef2978c0) thrown at [t:/workspace/open/src/hotspot/share/classfile/systemDictionary.cpp, line 235]

Events (10 events):
Event: 47.954 loading class sync_studio_tooling1_o74tt9prgqi0t8afqewdazv1BeanInfo done
Event: 47.955 loading class sync_studio_tooling1_o74tt9prgqi0t8afqewdazv1Customizer
Event: 47.955 loading class sync_studio_tooling1_o74tt9prgqi0t8afqewdazv1Customizer done
Event: 47.955 loading class sync_studio_tooling1_o74tt9prgqi0t8afqewdazv1Customizer
Event: 47.955 loading class sync_studio_tooling1_o74tt9prgqi0t8afqewdazv1Customizer done
Event: 47.960 loading class groovy/runtime/metaclass/sync_studio_tooling1_o74tt9prgqi0t8afqewdazv1$_run_closure1MetaClass
Event: 47.960 loading class groovy/runtime/metaclass/sync_studio_tooling1_o74tt9prgqi0t8afqewdazv1$_run_closure1MetaClass done
Event: 48.051 Thread 0x000002f99fc61000 Uncommon trap: trap_request=0xffffff6e fr.pc=0x000002f993420044 relative=0x0000000000000184
Event: 48.051 Thread 0x000002f99fc61000 DEOPT PACKING pc=0x000002f993420044 sp=0x000000fa8a6fb1e0
Event: 48.051 Thread 0x000002f99fc61000 DEOPT UNPACKING pc=0x000002f98b549b2f sp=0x000000fa8a6fb070 mode 2


Dynamic libraries:
0x00007ff6e1f50000 - 0x00007ff6e1f5f000 	C:\Program Files\Java\jdk-12.0.2\bin\java.exe
0x00007ff99eeb0000 - 0x00007ff99f09d000 	C:\WINDOWS\SYSTEM32\ntdll.dll
0x00007ff99e480000 - 0x00007ff99e533000 	C:\WINDOWS\System32\KERNEL32.DLL
0x00007ff99b000000 - 0x00007ff99b295000 	C:\WINDOWS\System32\KERNELBASE.dll
0x00007ff99b2a0000 - 0x00007ff99b39a000 	C:\WINDOWS\System32\ucrtbase.dll
0x00007ff9932a0000 - 0x00007ff9932b6000 	C:\Program Files\Java\jdk-12.0.2\bin\VCRUNTIME140.dll
0x00007ff992490000 - 0x00007ff9924a8000 	C:\Program Files\Java\jdk-12.0.2\bin\jli.dll
0x00007ff99ddf0000 - 0x00007ff99de93000 	C:\WINDOWS\System32\ADVAPI32.dll
0x00007ff99c210000 - 0x00007ff99c2ae000 	C:\WINDOWS\System32\msvcrt.dll
0x00007ff99db30000 - 0x00007ff99dbce000 	C:\WINDOWS\System32\sechost.dll
0x00007ff99dc40000 - 0x00007ff99dd62000 	C:\WINDOWS\System32\RPCRT4.dll
0x00007ff99d860000 - 0x00007ff99d9f7000 	C:\WINDOWS\System32\USER32.dll
0x00007ff99bcd0000 - 0x00007ff99bcf0000 	C:\WINDOWS\System32\win32u.dll
0x00007ff988b10000 - 0x00007ff988d89000 	C:\WINDOWS\WinSxS\amd64_microsoft.windows.common-controls_6595b64144ccf1df_6.0.17763.1158_none_de722d88534a897f\COMCTL32.dll
0x00007ff99c2d0000 - 0x00007ff99c2f9000 	C:\WINDOWS\System32\GDI32.dll
0x00007ff99e050000 - 0x00007ff99e37c000 	C:\WINDOWS\System32\combase.dll
0x00007ff99be00000 - 0x00007ff99bf99000 	C:\WINDOWS\System32\gdi32full.dll
0x00007ff99c050000 - 0x00007ff99c0ce000 	C:\WINDOWS\System32\bcryptPrimitives.dll
0x00007ff99bcf0000 - 0x00007ff99bd90000 	C:\WINDOWS\System32\msvcp_win.dll
0x00007ff98e890000 - 0x00007ff98e89a000 	C:\WINDOWS\SYSTEM32\VERSION.dll
0x00007ff99c0d0000 - 0x00007ff99c0fe000 	C:\WINDOWS\System32\IMM32.DLL
0x00007ff991c20000 - 0x00007ff991cca000 	C:\Program Files\Java\jdk-12.0.2\bin\msvcp140.dll
0x00007ff96a0b0000 - 0x00007ff96ac27000 	C:\Program Files\Java\jdk-12.0.2\bin\server\jvm.dll
0x00007ff99dbd0000 - 0x00007ff99dbd8000 	C:\WINDOWS\System32\PSAPI.DLL
0x00007ff992290000 - 0x00007ff992299000 	C:\WINDOWS\SYSTEM32\WSOCK32.dll
0x00007ff9975b0000 - 0x00007ff9975d4000 	C:\WINDOWS\SYSTEM32\WINMM.dll
0x00007ff99dd70000 - 0x00007ff99dddd000 	C:\WINDOWS\System32\ws2_32.DLL
0x00007ff997580000 - 0x00007ff9975ad000 	C:\WINDOWS\SYSTEM32\WINMMBASE.dll
0x00007ff99bdb0000 - 0x00007ff99bdfa000 	C:\WINDOWS\System32\cfgmgr32.dll
0x00007ff99aec0000 - 0x00007ff99aed1000 	C:\WINDOWS\System32\kernel.appcore.dll
0x00007ff992470000 - 0x00007ff992481000 	C:\Program Files\Java\jdk-12.0.2\bin\verify.dll
0x00007ff987dc0000 - 0x00007ff987fad000 	C:\WINDOWS\SYSTEM32\DBGHELP.DLL
0x00007ff987d70000 - 0x00007ff987d9a000 	C:\WINDOWS\SYSTEM32\dbgcore.DLL
0x00007ff992120000 - 0x00007ff992146000 	C:\Program Files\Java\jdk-12.0.2\bin\java.dll
0x00007ff9920d0000 - 0x00007ff9920e7000 	C:\Program Files\Java\jdk-12.0.2\bin\zip.dll
0x00007ff9970f0000 - 0x00007ff9970fa000 	C:\Program Files\Java\jdk-12.0.2\bin\jimage.dll
0x00007ff99c360000 - 0x00007ff99d854000 	C:\WINDOWS\System32\SHELL32.dll
0x00007ff99ed70000 - 0x00007ff99ee18000 	C:\WINDOWS\System32\shcore.dll
0x00007ff99b580000 - 0x00007ff99bccd000 	C:\WINDOWS\System32\windows.storage.dll
0x00007ff99aee0000 - 0x00007ff99af04000 	C:\WINDOWS\System32\profapi.dll
0x00007ff99af10000 - 0x00007ff99af6d000 	C:\WINDOWS\System32\powrprof.dll
0x00007ff99dbe0000 - 0x00007ff99dc32000 	C:\WINDOWS\System32\shlwapi.dll
0x00007ff99bd90000 - 0x00007ff99bda7000 	C:\WINDOWS\System32\cryptsp.dll
0x00007ff9920b0000 - 0x00007ff9920c9000 	C:\Program Files\Java\jdk-12.0.2\bin\net.dll
0x00007ff993b60000 - 0x00007ff993c52000 	C:\WINDOWS\SYSTEM32\WINHTTP.dll
0x00007ff98e470000 - 0x00007ff98e647000 	C:\WINDOWS\SYSTEM32\urlmon.dll
0x00007ff98e1c0000 - 0x00007ff98e468000 	C:\WINDOWS\SYSTEM32\iertutil.dll
0x00007ff99a7e0000 - 0x00007ff99a7ec000 	C:\WINDOWS\SYSTEM32\CRYPTBASE.DLL
0x00007ff99a660000 - 0x00007ff99a6c7000 	C:\WINDOWS\system32\mswsock.dll
0x00007ff991e70000 - 0x00007ff991e83000 	C:\Program Files\Java\jdk-12.0.2\bin\nio.dll
0x00007ff9928e0000 - 0x00007ff992907000 	C:\Users\Don Alex\.gradle\native\c976cfcca226fdd4bee4412e95191dd41148b7504f9625baeda1d523bc39a967\windows-amd64\native-platform.dll
0x00007ff9970c0000 - 0x00007ff9970c9000 	C:\Program Files\Java\jdk-12.0.2\bin\management.dll
0x00007ff9939b0000 - 0x00007ff9939bc000 	C:\Program Files\Java\jdk-12.0.2\bin\management_ext.dll
0x00007ff99a1f0000 - 0x00007ff99a223000 	C:\WINDOWS\system32\rsaenh.dll
0x00007ff99afd0000 - 0x00007ff99aff6000 	C:\WINDOWS\System32\bcrypt.dll
0x00007ff99add0000 - 0x00007ff99adf8000 	C:\WINDOWS\SYSTEM32\USERENV.dll
0x00007ff99a390000 - 0x00007ff99a3cd000 	C:\WINDOWS\SYSTEM32\IPHLPAPI.DLL
0x00007ff99ea90000 - 0x00007ff99ea98000 	C:\WINDOWS\System32\NSI.dll
0x00007ff98fdb0000 - 0x00007ff98fdc6000 	C:\WINDOWS\SYSTEM32\dhcpcsvc6.DLL
0x00007ff98fc90000 - 0x00007ff98fcac000 	C:\WINDOWS\SYSTEM32\dhcpcsvc.DLL
0x00007ff99a3d0000 - 0x00007ff99a497000 	C:\WINDOWS\SYSTEM32\DNSAPI.dll
0x00007ff991dc0000 - 0x00007ff991de7000 	C:\Program Files\Java\jdk-12.0.2\bin\sunec.dll
0x00007ff98e070000 - 0x00007ff98e07a000 	C:\Windows\System32\rasadhlp.dll
0x00007ff98f040000 - 0x00007ff98f0b9000 	C:\WINDOWS\System32\fwpuclnt.dll
0x00007ff9928a0000 - 0x00007ff9928ae000 	C:\Program Files\Java\jdk-12.0.2\bin\sunmscapi.dll
0x00007ff99b3a0000 - 0x00007ff99b57c000 	C:\WINDOWS\System32\CRYPT32.dll
0x00007ff99aea0000 - 0x00007ff99aeb2000 	C:\WINDOWS\System32\MSASN1.dll
0x00007ff99a980000 - 0x00007ff99a9a6000 	C:\WINDOWS\SYSTEM32\ncrypt.dll
0x00007ff99a940000 - 0x00007ff99a97c000 	C:\WINDOWS\SYSTEM32\NTASN1.dll

dbghelp: loaded successfully - version: 4.0.5 - missing functions: none
symbol engine: initialized successfully - sym options: 0x614 - pdb path: .;C:\Program Files\Java\jdk-12.0.2\bin;C:\WINDOWS\SYSTEM32;C:\WINDOWS\WinSxS\amd64_microsoft.windows.common-controls_6595b64144ccf1df_6.0.17763.1158_none_de722d88534a897f;C:\Program Files\Java\jdk-12.0.2\bin\server;C:\Users\Don Alex\.gradle\native\c976cfcca226fdd4bee4412e95191dd41148b7504f9625baeda1d523bc39a967\windows-amd64

VM Arguments:
jvm_args: -XX:MaxMetaspaceSize=256m -XX:+HeapDumpOnOutOfMemoryError --add-opens=java.base/java.util=ALL-UNNAMED --add-opens=java.base/java.lang=ALL-UNNAMED --add-opens=java.base/java.lang.invoke=ALL-UNNAMED --add-opens=java.prefs/java.util.prefs=ALL-UNNAMED -Xms256m -Xmx512m -Dfile.encoding=windows-1252 -Duser.country=US -Duser.language=en -Duser.variant 
java_command: org.gradle.launcher.daemon.bootstrap.GradleDaemon 6.3
java_class_path (initial): C:\Users\Don Alex\.gradle\wrapper\dists\gradle-6.3-all\b4awcolw9l59x95tu1obfh9i8\gradle-6.3\lib\gradle-launcher-6.3.jar
Launcher Type: SUN_STANDARD

[Global flags]
     intx CICompilerCount                          = 3                                         {product} {ergonomic}
   size_t CompressedClassSpaceSize                 = 260046848                                 {product} {ergonomic}
     uint ConcGCThreads                            = 1                                         {product} {ergonomic}
     uint G1ConcRefinementThreads                  = 4                                         {product} {ergonomic}
   size_t G1HeapRegionSize                         = 1048576                                   {product} {ergonomic}
    uintx GCDrainStackTargetSize                   = 64                                        {product} {ergonomic}
     bool HeapDumpOnOutOfMemoryError               = true                                   {manageable} {command line}
   size_t InitialHeapSize                          = 268435456                                 {product} {command line}
   size_t MarkStackSize                            = 4194304                                   {product} {ergonomic}
   size_t MaxHeapSize                              = 536870912                                 {product} {command line}
   size_t MaxMetaspaceSize                         = 268435456                                 {product} {command line}
   size_t MaxNewSize                               = 321912832                                 {product} {ergonomic}
   size_t MinHeapDeltaBytes                        = 1048576                                   {product} {ergonomic}
    uintx NonNMethodCodeHeapSize                   = 5830732                                {pd product} {ergonomic}
    uintx NonProfiledCodeHeapSize                  = 122913754                              {pd product} {ergonomic}
    uintx ProfiledCodeHeapSize                     = 122913754                              {pd product} {ergonomic}
    uintx ReservedCodeCacheSize                    = 251658240                              {pd product} {ergonomic}
     bool SegmentedCodeCache                       = true                                      {product} {ergonomic}
     bool UseCompressedClassPointers               = true                                 {lp64_product} {ergonomic}
     bool UseCompressedOops                        = true                                 {lp64_product} {ergonomic}
     bool UseG1GC                                  = true                                      {product} {ergonomic}
     bool UseLargePagesIndividualAllocation        = false                                  {pd product} {ergonomic}

Logging:
Log output configuration:
 #0: stdout all=warning uptime,level,tags
 #1: stderr all=off uptime,level,tags

Environment Variables:
PATH=C:\Program Files (x86)\Intel\iCLS Client\;C:\Program Files\Intel\iCLS Client\;C:\WINDOWS\system32;C:\WINDOWS;C:\WINDOWS\System32\Wbem;C:\WINDOWS\System32\WindowsPowerShell\v1.0\;C:\WINDOWS\System32\OpenSSH\;C:\Program Files\Intel\Intel(R) Management Engine Components\DAL;C:\Program Files\Intel\Intel(R) Management Engine Components\IPT;C:\Program Files (x86)\Intel\Intel(R) Management Engine Components\DAL;C:\Program Files (x86)\Intel\Intel(R) Management Engine Components\IPT;C:\Gradle\gradle-6.4\bin;C:\Program Files\Git\cmd;C:\Program Files\PuTTY\;C:\Program Files\PostgreSQL\12\bin;C:\Program Files\PostgreSQL\12\lib;C:\Program Files\Java\jdk-12.0.2\bin;C:\Program Files\Java\jdk-12.0.2\lib;C:\Program Files\Java\javafx-sdk-11.0.2\lib;C:\Program Files\Docker\Docker\resources\bin;C:\ProgramData\DockerDesktop\version-bin;C:\Program Files\nodejs\;C:\Program Files\nodejs\node_modules\npm\bin;C:\Program Files\dotnet\;C:\Program Files\Microsoft SQL Server\130\Tools\Binn\;C:\Program Files\Microsoft SQL Server\Client SDK\ODBC\170\Tools\Binn\;C:\Users\Don Alex\AppData\Local\Microsoft\WindowsApps;C:\Program Files (x86)\Microsoft VS Code\bin;C:\Users\Don Alex\AppData\Roaming\npm;C:\Users\Don Alex\.dotnet\tools
USERNAME=Don Alex
OS=Windows_NT
PROCESSOR_IDENTIFIER=Intel64 Family 6 Model 58 Stepping 9, GenuineIntel



---------------  S Y S T E M  ---------------

OS: Windows 10 , 64 bit Build 17763 (10.0.17763.1158)

CPU:total 4 (initial active 4) (2 cores per cpu, 2 threads per core) family 6 model 58 stepping 9, cmov, cx8, fxsr, mmx, sse, sse2, sse3, ssse3, sse4.1, sse4.2, popcnt, avx, aes, clmul, erms, ht, tsc, tscinvbit, tscinv

Memory: 4k page, system-wide physical 8059M (668M free)
TotalPageFile size 8059M (AvailPageFile size 0M)
current process WorkingSet (physical memory assigned to process): 397M, peak: 434M
current process commit charge ("private bytes"): 460M, peak: 504M

vm_info: Java HotSpot(TM) 64-Bit Server VM (12.0.2+10) for windows-amd64 JRE (12.0.2+10), built on Jul 16 2019 01:56:17 by "mach5one" with MS VC++ 15.5 (VS2017)

END.
